C:\Program Files (x86)\Microsoft Visual Studio\2017\Community\Common7\IDE\VC\VCTargets\Microsoft.CppBuild.targets(373,5): warning MSB8004: Output Directory does not end with a trailing slash.  This build instance will add the slash as it is required to allow proper evaluation of the Output Directory.
  simulation_manager.cpp
c:\users\ja\documents\anyflyerrepo\source\menulist.h(115): warning C4267: '=': conversion from 'size_t' to 'int', possible loss of data
c:\users\ja\documents\anyflyerrepo\source\uavnode.h(11): warning C4305: 'initializing': truncation from 'double' to 'const float'
c:\users\ja\documents\anyflyerrepo\source\uavnode.h(350): warning C4244: 'initializing': conversion from 'double' to 'float', possible loss of data
c:\users\ja\documents\anyflyerrepo\source\camera.h(23): warning C4305: 'initializing': truncation from 'double' to 'float'
c:\users\ja\documents\anyflyerrepo\source\camera.h(26): warning C4305: 'initializing': truncation from 'double' to 'float'
c:\users\ja\documents\anyflyerrepo\source\camera.h(82): warning C4305: '=': truncation from 'double' to 'float'
c:\users\ja\documents\anyflyerrepo\source\camera.h(193): warning C4244: '=': conversion from 'double' to 'float', possible loss of data
c:\users\ja\documents\anyflyerrepo\source\camera.h(200): warning C4244: '=': conversion from 'double' to 'float', possible loss of data
c:\users\ja\documents\anyflyerrepo\source\simulation_manager.cpp(96): warning C4018: '<': signed/unsigned mismatch
c:\users\ja\documents\anyflyerrepo\source\simulation_manager.cpp(158): warning C4244: '=': conversion from 'double' to 'float', possible loss of data
c:\users\ja\documents\anyflyerrepo\source\simulation_manager.cpp(620): warning C4267: 'argument': conversion from 'size_t' to 'int', possible loss of data
c:\users\ja\documents\anyflyerrepo\source\simulation_manager.cpp(1003): warning C4018: '<': signed/unsigned mismatch
c:\users\ja\documents\anyflyerrepo\source\simulation_manager.cpp(1018): warning C4018: '<': signed/unsigned mismatch
c:\users\ja\documents\anyflyerrepo\source\simulation_manager.cpp(1020): warning C4244: 'argument': conversion from 'unsigned int' to 'irr::f32', possible loss of data
c:\users\ja\documents\anyflyerrepo\source\simulation_manager.cpp(1082): warning C4018: '<': signed/unsigned mismatch
  Generating Code...
  Skipping... (no relevant changes detected)
  simeventreceiver.cpp
  settingsmgr.cpp
  dictionary.cpp
  camera.cpp
  anyflyer_main.cpp
  anyflyer-vs.vcxproj -> C:\Users\Ja\Documents\anyflyerrepo\anyflyer-vs\..\workdir\anyflyer64-debug.exe
  anyflyer-vs.vcxproj -> ..\workdir\anyflyer64-debug.pdb (Partial PDB)
