c:\users\ja\documents\anyflyerrepo\anyflyer-vs\x64\debug\vc141.pdb
c:\users\ja\documents\anyflyerrepo\anyflyer-vs\x64\debug\vc141.idb
c:\users\ja\documents\anyflyerrepo\anyflyer-vs\x64\debug\anyflyer_main.obj
c:\users\ja\documents\anyflyerrepo\anyflyer-vs\x64\debug\camera.obj
c:\users\ja\documents\anyflyerrepo\anyflyer-vs\x64\debug\dictionary.obj
c:\users\ja\documents\anyflyerrepo\anyflyer-vs\x64\debug\flightplan.obj
c:\users\ja\documents\anyflyerrepo\anyflyer-vs\x64\debug\menu.obj
c:\users\ja\documents\anyflyerrepo\anyflyer-vs\x64\debug\menulist.obj
c:\users\ja\documents\anyflyerrepo\anyflyer-vs\x64\debug\settingsmgr.obj
c:\users\ja\documents\anyflyerrepo\anyflyer-vs\x64\debug\simeventreceiver.obj
c:\users\ja\documents\anyflyerrepo\anyflyer-vs\x64\debug\simulation_manager.obj
c:\users\ja\documents\anyflyerrepo\anyflyer-vs\x64\debug\uavarray.obj
c:\users\ja\documents\anyflyerrepo\anyflyer-vs\x64\debug\uavnode.obj
c:\users\ja\documents\anyflyerrepo\workdir\anyflyer64-debug.exe
c:\users\ja\documents\anyflyerrepo\workdir\anyflyer64-debug.ilk
c:\users\ja\documents\anyflyerrepo\workdir\anyflyer64-debug.pdb
c:\users\ja\documents\anyflyerrepo\anyflyer-vs\..\workdir\anyflyer64-debug.exe
c:\users\ja\documents\anyflyerrepo\anyflyer-vs\x64\debug\anyflyer-vs.tlog\cl.command.1.tlog
c:\users\ja\documents\anyflyerrepo\anyflyer-vs\x64\debug\anyflyer-vs.tlog\cl.read.1.tlog
c:\users\ja\documents\anyflyerrepo\anyflyer-vs\x64\debug\anyflyer-vs.tlog\cl.write.1.tlog
c:\users\ja\documents\anyflyerrepo\anyflyer-vs\x64\debug\anyflyer-vs.tlog\link.command.1.tlog
c:\users\ja\documents\anyflyerrepo\anyflyer-vs\x64\debug\anyflyer-vs.tlog\link.read.1.tlog
c:\users\ja\documents\anyflyerrepo\anyflyer-vs\x64\debug\anyflyer-vs.tlog\link.write.1.tlog
