C:\Program Files (x86)\Microsoft Visual Studio\2017\Community\Common7\IDE\VC\VCTargets\Microsoft.CppBuild.targets(373,5): warning MSB8004: Output Directory does not end with a trailing slash.  This build instance will add the slash as it is required to allow proper evaluation of the Output Directory.
  simulation_manager.cpp
c:\users\ja\documents\anyflyerrepo\source\menulist.h(115): warning C4267: '=': conversion from 'size_t' to 'int', possible loss of data
c:\users\ja\documents\anyflyerrepo\source\uavnode.h(13): warning C4305: 'initializing': truncation from 'double' to 'const float'
c:\users\ja\documents\anyflyerrepo\source\uavnode.h(520): warning C4244: 'initializing': conversion from 'double' to 'float', possible loss of data
c:\users\ja\documents\anyflyerrepo\source\uavnode.h(764): warning C4244: 'argument': conversion from 'double' to 'const irr::f32', possible loss of data
c:\users\ja\documents\anyflyerrepo\source\uavnode.h(800): warning C4244: 'argument': conversion from 'double' to 'const irr::f32', possible loss of data
c:\users\ja\documents\anyflyerrepo\source\camera.h(23): warning C4305: 'initializing': truncation from 'double' to 'float'
c:\users\ja\documents\anyflyerrepo\source\camera.h(26): warning C4305: 'initializing': truncation from 'double' to 'float'
c:\users\ja\documents\anyflyerrepo\source\camera.h(82): warning C4305: '=': truncation from 'double' to 'float'
c:\users\ja\documents\anyflyerrepo\source\camera.h(193): warning C4244: '=': conversion from 'double' to 'float', possible loss of data
c:\users\ja\documents\anyflyerrepo\source\camera.h(200): warning C4244: '=': conversion from 'double' to 'float', possible loss of data
..\source\simulation_manager.cpp(104): warning C4244: '=': conversion from 'double' to 'float', possible loss of data
..\source\simulation_manager.cpp(662): warning C4267: 'argument': conversion from 'size_t' to 'int', possible loss of data
..\source\simulation_manager.cpp(1141): warning C4018: '<': signed/unsigned mismatch
..\source\simulation_manager.cpp(1156): warning C4018: '<': signed/unsigned mismatch
..\source\simulation_manager.cpp(1158): warning C4244: 'argument': conversion from 'unsigned int' to 'irr::f32', possible loss of data
..\source\simulation_manager.cpp(1220): warning C4018: '<': signed/unsigned mismatch
..\source\simulation_manager.cpp(1326): warning C4018: '<': signed/unsigned mismatch
  Generating code
  11 of 993 functions ( 1.1%) were compiled, the rest were copied from previous compilation.
    0 functions were new in current compilation
    4 functions had inline decision re-evaluated but remain unchanged
  Finished generating code
  anyflyer-vs.vcxproj -> C:\Users\Ja\Documents\anyflyerrepo\anyflyer-vs\..\workdir\anyflyer64.exe
