c:\users\ja\documents\anyflyerrepo\workdir\anyflyer64.ipdb
c:\users\ja\documents\anyflyerrepo\workdir\anyflyer64.iobj
c:\users\ja\documents\anyflyerrepo\anyflyer-vs\x64\release\vc141.pdb
c:\users\ja\documents\anyflyerrepo\anyflyer-vs\x64\release\uavnode.obj
c:\users\ja\documents\anyflyerrepo\anyflyer-vs\x64\release\uavarray.obj
c:\users\ja\documents\anyflyerrepo\anyflyer-vs\x64\release\simulation_manager.obj
c:\users\ja\documents\anyflyerrepo\anyflyer-vs\x64\release\simeventreceiver.obj
c:\users\ja\documents\anyflyerrepo\anyflyer-vs\x64\release\settingsmgr.obj
c:\users\ja\documents\anyflyerrepo\anyflyer-vs\x64\release\menulist.obj
c:\users\ja\documents\anyflyerrepo\anyflyer-vs\x64\release\menu.obj
c:\users\ja\documents\anyflyerrepo\anyflyer-vs\x64\release\flightplan.obj
c:\users\ja\documents\anyflyerrepo\anyflyer-vs\x64\release\dictionary.obj
c:\users\ja\documents\anyflyerrepo\anyflyer-vs\x64\release\camera.obj
c:\users\ja\documents\anyflyerrepo\anyflyer-vs\x64\release\anyflyer_main.obj
c:\users\ja\documents\anyflyerrepo\workdir\anyflyer64.exe
c:\users\ja\documents\anyflyerrepo\workdir\anyflyer64.pdb
c:\users\ja\documents\anyflyerrepo\anyflyer-vs\..\workdir\anyflyer64.exe
c:\users\ja\documents\anyflyerrepo\anyflyer-vs\x64\release\anyflyer-vs.tlog\anyflyer-vs.write.1u.tlog
c:\users\ja\documents\anyflyerrepo\anyflyer-vs\x64\release\anyflyer-vs.tlog\cl.command.1.tlog
c:\users\ja\documents\anyflyerrepo\anyflyer-vs\x64\release\anyflyer-vs.tlog\cl.read.1.tlog
c:\users\ja\documents\anyflyerrepo\anyflyer-vs\x64\release\anyflyer-vs.tlog\cl.write.1.tlog
c:\users\ja\documents\anyflyerrepo\anyflyer-vs\x64\release\anyflyer-vs.tlog\link.command.1.tlog
c:\users\ja\documents\anyflyerrepo\anyflyer-vs\x64\release\anyflyer-vs.tlog\link.read.1.tlog
c:\users\ja\documents\anyflyerrepo\anyflyer-vs\x64\release\anyflyer-vs.tlog\link.write.1.tlog
