C:\Program Files (x86)\Microsoft Visual Studio\2017\Community\Common7\IDE\VC\VCTargets\Microsoft.CppBuild.targets(373,5): warning MSB8004: Output Directory does not end with a trailing slash.  This build instance will add the slash as it is required to allow proper evaluation of the Output Directory.
  uavnode.cpp
c:\users\ja\documents\anyflyerrepo\source\uavnode.h(11): warning C4305: 'initializing': truncation from 'double' to 'const float'
c:\users\ja\documents\anyflyerrepo\source\uavnode.h(352): warning C4244: 'initializing': conversion from 'double' to 'float', possible loss of data
c:\users\ja\documents\anyflyerrepo\source\uavnode.cpp(7): warning C4305: 'initializing': truncation from 'double' to 'float'
c:\users\ja\documents\anyflyerrepo\source\uavnode.cpp(8): warning C4305: 'initializing': truncation from 'double' to 'float'
c:\users\ja\documents\anyflyerrepo\source\uavnode.cpp(9): warning C4305: 'initializing': truncation from 'double' to 'float'
c:\users\ja\documents\anyflyerrepo\source\uavnode.cpp(10): warning C4305: 'initializing': truncation from 'double' to 'float'
  uavarray.cpp
c:\users\ja\documents\anyflyerrepo\source\uavnode.h(11): warning C4305: 'initializing': truncation from 'double' to 'const float'
c:\users\ja\documents\anyflyerrepo\source\uavnode.h(352): warning C4244: 'initializing': conversion from 'double' to 'float', possible loss of data
c:\users\ja\documents\anyflyerrepo\source\dictionary.h(20): warning C4018: '<': signed/unsigned mismatch
c:\users\ja\documents\anyflyerrepo\source\uavarray.cpp(36): warning C4018: '<': signed/unsigned mismatch
c:\users\ja\documents\anyflyerrepo\source\uavarray.cpp(128): warning C4244: '=': conversion from 'double' to 'float', possible loss of data
c:\users\ja\documents\anyflyerrepo\source\uavarray.cpp(134): warning C4244: '=': conversion from 'double' to 'float', possible loss of data
c:\users\ja\documents\anyflyerrepo\source\uavarray.cpp(140): warning C4244: '=': conversion from 'double' to 'float', possible loss of data
c:\users\ja\documents\anyflyerrepo\source\uavarray.cpp(143): warning C4244: '=': conversion from 'double' to 'float', possible loss of data
c:\users\ja\documents\anyflyerrepo\source\uavarray.cpp(184): warning C4244: '=': conversion from 'double' to 'float', possible loss of data
c:\users\ja\documents\anyflyerrepo\source\settingsmgr.h(74): warning C4018: '<': signed/unsigned mismatch
  c:\users\ja\documents\anyflyerrepo\source\uavarray.cpp(96): note: see reference to function template instantiation 'T SettingsMgr::getVar<std::string>(std::string)' being compiled
          with
          [
              T=std::string
          ]
c:\users\ja\documents\anyflyerrepo\source\settingsmgr.h(81): warning C4018: '<': signed/unsigned mismatch
  simulation_manager.cpp
c:\users\ja\documents\anyflyerrepo\source\dictionary.h(20): warning C4018: '<': signed/unsigned mismatch
c:\users\ja\documents\anyflyerrepo\source\prompt.h(48): warning C4018: '<': signed/unsigned mismatch
c:\users\ja\documents\anyflyerrepo\source\prompt.h(79): warning C4018: '<': signed/unsigned mismatch
c:\users\ja\documents\anyflyerrepo\source\prompt.h(109): warning C4018: '<': signed/unsigned mismatch
c:\users\ja\documents\anyflyerrepo\source\menulist.h(22): warning C4018: '<': signed/unsigned mismatch
c:\users\ja\documents\anyflyerrepo\source\menulist.h(50): warning C4018: '<': signed/unsigned mismatch
c:\users\ja\documents\anyflyerrepo\source\menulist.h(155): warning C4018: '<': signed/unsigned mismatch
c:\users\ja\documents\anyflyerrepo\source\menulist.h(159): warning C4018: '<': signed/unsigned mismatch
c:\users\ja\documents\anyflyerrepo\source\menulist.h(175): warning C4018: '<': signed/unsigned mismatch
c:\users\ja\documents\anyflyerrepo\source\uavnode.h(11): warning C4305: 'initializing': truncation from 'double' to 'const float'
c:\users\ja\documents\anyflyerrepo\source\uavnode.h(352): warning C4244: 'initializing': conversion from 'double' to 'float', possible loss of data
c:\users\ja\documents\anyflyerrepo\source\camera.h(23): warning C4305: 'initializing': truncation from 'double' to 'float'
c:\users\ja\documents\anyflyerrepo\source\camera.h(26): warning C4305: 'initializing': truncation from 'double' to 'float'
c:\users\ja\documents\anyflyerrepo\source\camera.h(80): warning C4305: '=': truncation from 'double' to 'float'
c:\users\ja\documents\anyflyerrepo\source\camera.h(183): warning C4244: '=': conversion from 'double' to 'float', possible loss of data
c:\users\ja\documents\anyflyerrepo\source\camera.h(190): warning C4244: '=': conversion from 'double' to 'float', possible loss of data
c:\users\ja\documents\anyflyerrepo\source\simulation_manager.cpp(96): warning C4018: '<': signed/unsigned mismatch
c:\users\ja\documents\anyflyerrepo\source\simulation_manager.cpp(158): warning C4244: '=': conversion from 'double' to 'float', possible loss of data
c:\users\ja\documents\anyflyerrepo\source\simulation_manager.cpp(959): warning C4018: '<': signed/unsigned mismatch
c:\users\ja\documents\anyflyerrepo\source\simulation_manager.cpp(974): warning C4018: '<': signed/unsigned mismatch
c:\users\ja\documents\anyflyerrepo\source\simulation_manager.cpp(976): warning C4244: 'argument': conversion from 'unsigned int' to 'irr::f32', possible loss of data
c:\users\ja\documents\anyflyerrepo\source\simulation_manager.cpp(1034): warning C4018: '<': signed/unsigned mismatch
c:\users\ja\documents\anyflyerrepo\source\settingsmgr.h(74): warning C4018: '<': signed/unsigned mismatch
  c:\users\ja\documents\anyflyerrepo\source\camera.h(45): note: see reference to function template instantiation 'T SettingsMgr::getVar<int>(std::string)' being compiled
          with
          [
              T=int
          ]
c:\users\ja\documents\anyflyerrepo\source\settingsmgr.h(81): warning C4018: '<': signed/unsigned mismatch
  simeventreceiver.cpp
c:\users\ja\documents\anyflyerrepo\source\dictionary.h(20): warning C4018: '<': signed/unsigned mismatch
c:\users\ja\documents\anyflyerrepo\source\prompt.h(48): warning C4018: '<': signed/unsigned mismatch
c:\users\ja\documents\anyflyerrepo\source\prompt.h(79): warning C4018: '<': signed/unsigned mismatch
c:\users\ja\documents\anyflyerrepo\source\prompt.h(109): warning C4018: '<': signed/unsigned mismatch
c:\users\ja\documents\anyflyerrepo\source\menulist.h(22): warning C4018: '<': signed/unsigned mismatch
c:\users\ja\documents\anyflyerrepo\source\menulist.h(50): warning C4018: '<': signed/unsigned mismatch
c:\users\ja\documents\anyflyerrepo\source\menulist.h(155): warning C4018: '<': signed/unsigned mismatch
c:\users\ja\documents\anyflyerrepo\source\menulist.h(159): warning C4018: '<': signed/unsigned mismatch
c:\users\ja\documents\anyflyerrepo\source\menulist.h(175): warning C4018: '<': signed/unsigned mismatch
c:\users\ja\documents\anyflyerrepo\source\uavnode.h(11): warning C4305: 'initializing': truncation from 'double' to 'const float'
c:\users\ja\documents\anyflyerrepo\source\uavnode.h(352): warning C4244: 'initializing': conversion from 'double' to 'float', possible loss of data
c:\users\ja\documents\anyflyerrepo\source\camera.h(23): warning C4305: 'initializing': truncation from 'double' to 'float'
c:\users\ja\documents\anyflyerrepo\source\camera.h(26): warning C4305: 'initializing': truncation from 'double' to 'float'
c:\users\ja\documents\anyflyerrepo\source\camera.h(80): warning C4305: '=': truncation from 'double' to 'float'
c:\users\ja\documents\anyflyerrepo\source\camera.h(183): warning C4244: '=': conversion from 'double' to 'float', possible loss of data
c:\users\ja\documents\anyflyerrepo\source\camera.h(190): warning C4244: '=': conversion from 'double' to 'float', possible loss of data
c:\users\ja\documents\anyflyerrepo\source\settingsmgr.h(74): warning C4018: '<': signed/unsigned mismatch
  c:\users\ja\documents\anyflyerrepo\source\camera.h(45): note: see reference to function template instantiation 'T SettingsMgr::getVar<int>(std::string)' being compiled
          with
          [
              T=int
          ]
c:\users\ja\documents\anyflyerrepo\source\settingsmgr.h(81): warning C4018: '<': signed/unsigned mismatch
  settingsmgr.cpp
c:\users\ja\documents\anyflyerrepo\source\dictionary.h(20): warning C4018: '<': signed/unsigned mismatch
c:\users\ja\documents\anyflyerrepo\source\prompt.h(48): warning C4018: '<': signed/unsigned mismatch
c:\users\ja\documents\anyflyerrepo\source\prompt.h(79): warning C4018: '<': signed/unsigned mismatch
c:\users\ja\documents\anyflyerrepo\source\prompt.h(109): warning C4018: '<': signed/unsigned mismatch
c:\users\ja\documents\anyflyerrepo\source\menulist.h(22): warning C4018: '<': signed/unsigned mismatch
c:\users\ja\documents\anyflyerrepo\source\menulist.h(50): warning C4018: '<': signed/unsigned mismatch
c:\users\ja\documents\anyflyerrepo\source\menulist.h(155): warning C4018: '<': signed/unsigned mismatch
c:\users\ja\documents\anyflyerrepo\source\menulist.h(159): warning C4018: '<': signed/unsigned mismatch
c:\users\ja\documents\anyflyerrepo\source\menulist.h(175): warning C4018: '<': signed/unsigned mismatch
c:\users\ja\documents\anyflyerrepo\source\uavnode.h(11): warning C4305: 'initializing': truncation from 'double' to 'const float'
c:\users\ja\documents\anyflyerrepo\source\uavnode.h(352): warning C4244: 'initializing': conversion from 'double' to 'float', possible loss of data
c:\users\ja\documents\anyflyerrepo\source\camera.h(23): warning C4305: 'initializing': truncation from 'double' to 'float'
c:\users\ja\documents\anyflyerrepo\source\camera.h(26): warning C4305: 'initializing': truncation from 'double' to 'float'
c:\users\ja\documents\anyflyerrepo\source\camera.h(80): warning C4305: '=': truncation from 'double' to 'float'
c:\users\ja\documents\anyflyerrepo\source\camera.h(183): warning C4244: '=': conversion from 'double' to 'float', possible loss of data
c:\users\ja\documents\anyflyerrepo\source\camera.h(190): warning C4244: '=': conversion from 'double' to 'float', possible loss of data
c:\users\ja\documents\anyflyerrepo\source\settingsmgr.h(74): warning C4018: '<': signed/unsigned mismatch
  c:\users\ja\documents\anyflyerrepo\source\camera.h(45): note: see reference to function template instantiation 'T SettingsMgr::getVar<int>(std::string)' being compiled
          with
          [
              T=int
          ]
c:\users\ja\documents\anyflyerrepo\source\settingsmgr.h(81): warning C4018: '<': signed/unsigned mismatch
  menulist.cpp
c:\users\ja\documents\anyflyerrepo\source\prompt.h(48): warning C4018: '<': signed/unsigned mismatch
c:\users\ja\documents\anyflyerrepo\source\prompt.h(79): warning C4018: '<': signed/unsigned mismatch
c:\users\ja\documents\anyflyerrepo\source\prompt.h(109): warning C4018: '<': signed/unsigned mismatch
c:\users\ja\documents\anyflyerrepo\source\menulist.h(22): warning C4018: '<': signed/unsigned mismatch
c:\users\ja\documents\anyflyerrepo\source\menulist.h(50): warning C4018: '<': signed/unsigned mismatch
c:\users\ja\documents\anyflyerrepo\source\menulist.h(155): warning C4018: '<': signed/unsigned mismatch
c:\users\ja\documents\anyflyerrepo\source\menulist.h(159): warning C4018: '<': signed/unsigned mismatch
c:\users\ja\documents\anyflyerrepo\source\menulist.h(175): warning C4018: '<': signed/unsigned mismatch
  menu.cpp
c:\users\ja\documents\anyflyerrepo\source\prompt.h(48): warning C4018: '<': signed/unsigned mismatch
c:\users\ja\documents\anyflyerrepo\source\prompt.h(79): warning C4018: '<': signed/unsigned mismatch
c:\users\ja\documents\anyflyerrepo\source\prompt.h(109): warning C4018: '<': signed/unsigned mismatch
  flightplan.cpp
  dictionary.cpp
c:\users\ja\documents\anyflyerrepo\source\dictionary.h(20): warning C4018: '<': signed/unsigned mismatch
c:\users\ja\documents\anyflyerrepo\source\prompt.h(48): warning C4018: '<': signed/unsigned mismatch
c:\users\ja\documents\anyflyerrepo\source\prompt.h(79): warning C4018: '<': signed/unsigned mismatch
c:\users\ja\documents\anyflyerrepo\source\prompt.h(109): warning C4018: '<': signed/unsigned mismatch
c:\users\ja\documents\anyflyerrepo\source\menulist.h(22): warning C4018: '<': signed/unsigned mismatch
c:\users\ja\documents\anyflyerrepo\source\menulist.h(50): warning C4018: '<': signed/unsigned mismatch
c:\users\ja\documents\anyflyerrepo\source\menulist.h(155): warning C4018: '<': signed/unsigned mismatch
c:\users\ja\documents\anyflyerrepo\source\menulist.h(159): warning C4018: '<': signed/unsigned mismatch
c:\users\ja\documents\anyflyerrepo\source\menulist.h(175): warning C4018: '<': signed/unsigned mismatch
c:\users\ja\documents\anyflyerrepo\source\uavnode.h(11): warning C4305: 'initializing': truncation from 'double' to 'const float'
c:\users\ja\documents\anyflyerrepo\source\uavnode.h(352): warning C4244: 'initializing': conversion from 'double' to 'float', possible loss of data
c:\users\ja\documents\anyflyerrepo\source\camera.h(23): warning C4305: 'initializing': truncation from 'double' to 'float'
c:\users\ja\documents\anyflyerrepo\source\camera.h(26): warning C4305: 'initializing': truncation from 'double' to 'float'
c:\users\ja\documents\anyflyerrepo\source\camera.h(80): warning C4305: '=': truncation from 'double' to 'float'
c:\users\ja\documents\anyflyerrepo\source\camera.h(183): warning C4244: '=': conversion from 'double' to 'float', possible loss of data
c:\users\ja\documents\anyflyerrepo\source\camera.h(190): warning C4244: '=': conversion from 'double' to 'float', possible loss of data
c:\users\ja\documents\anyflyerrepo\source\settingsmgr.h(74): warning C4018: '<': signed/unsigned mismatch
  c:\users\ja\documents\anyflyerrepo\source\camera.h(45): note: see reference to function template instantiation 'T SettingsMgr::getVar<int>(std::string)' being compiled
          with
          [
              T=int
          ]
c:\users\ja\documents\anyflyerrepo\source\settingsmgr.h(81): warning C4018: '<': signed/unsigned mismatch
  camera.cpp
c:\users\ja\documents\anyflyerrepo\source\dictionary.h(20): warning C4018: '<': signed/unsigned mismatch
c:\users\ja\documents\anyflyerrepo\source\uavnode.h(11): warning C4305: 'initializing': truncation from 'double' to 'const float'
c:\users\ja\documents\anyflyerrepo\source\uavnode.h(352): warning C4244: 'initializing': conversion from 'double' to 'float', possible loss of data
c:\users\ja\documents\anyflyerrepo\source\camera.h(23): warning C4305: 'initializing': truncation from 'double' to 'float'
c:\users\ja\documents\anyflyerrepo\source\camera.h(26): warning C4305: 'initializing': truncation from 'double' to 'float'
c:\users\ja\documents\anyflyerrepo\source\camera.h(80): warning C4305: '=': truncation from 'double' to 'float'
c:\users\ja\documents\anyflyerrepo\source\camera.h(183): warning C4244: '=': conversion from 'double' to 'float', possible loss of data
c:\users\ja\documents\anyflyerrepo\source\camera.h(190): warning C4244: '=': conversion from 'double' to 'float', possible loss of data
c:\users\ja\documents\anyflyerrepo\source\settingsmgr.h(74): warning C4018: '<': signed/unsigned mismatch
  c:\users\ja\documents\anyflyerrepo\source\camera.h(45): note: see reference to function template instantiation 'T SettingsMgr::getVar<int>(std::string)' being compiled
          with
          [
              T=int
          ]
c:\users\ja\documents\anyflyerrepo\source\settingsmgr.h(81): warning C4018: '<': signed/unsigned mismatch
  anyflyer_main.cpp
c:\users\ja\documents\anyflyerrepo\source\dictionary.h(20): warning C4018: '<': signed/unsigned mismatch
c:\users\ja\documents\anyflyerrepo\source\prompt.h(48): warning C4018: '<': signed/unsigned mismatch
c:\users\ja\documents\anyflyerrepo\source\prompt.h(79): warning C4018: '<': signed/unsigned mismatch
c:\users\ja\documents\anyflyerrepo\source\prompt.h(109): warning C4018: '<': signed/unsigned mismatch
c:\users\ja\documents\anyflyerrepo\source\menulist.h(22): warning C4018: '<': signed/unsigned mismatch
c:\users\ja\documents\anyflyerrepo\source\menulist.h(50): warning C4018: '<': signed/unsigned mismatch
c:\users\ja\documents\anyflyerrepo\source\menulist.h(155): warning C4018: '<': signed/unsigned mismatch
c:\users\ja\documents\anyflyerrepo\source\menulist.h(159): warning C4018: '<': signed/unsigned mismatch
c:\users\ja\documents\anyflyerrepo\source\menulist.h(175): warning C4018: '<': signed/unsigned mismatch
c:\users\ja\documents\anyflyerrepo\source\uavnode.h(11): warning C4305: 'initializing': truncation from 'double' to 'const float'
c:\users\ja\documents\anyflyerrepo\source\uavnode.h(352): warning C4244: 'initializing': conversion from 'double' to 'float', possible loss of data
c:\users\ja\documents\anyflyerrepo\source\camera.h(23): warning C4305: 'initializing': truncation from 'double' to 'float'
c:\users\ja\documents\anyflyerrepo\source\camera.h(26): warning C4305: 'initializing': truncation from 'double' to 'float'
c:\users\ja\documents\anyflyerrepo\source\camera.h(80): warning C4305: '=': truncation from 'double' to 'float'
c:\users\ja\documents\anyflyerrepo\source\camera.h(183): warning C4244: '=': conversion from 'double' to 'float', possible loss of data
c:\users\ja\documents\anyflyerrepo\source\camera.h(190): warning C4244: '=': conversion from 'double' to 'float', possible loss of data
c:\users\ja\documents\anyflyerrepo\source\settingsmgr.h(74): warning C4018: '<': signed/unsigned mismatch
  c:\users\ja\documents\anyflyerrepo\source\camera.h(45): note: see reference to function template instantiation 'T SettingsMgr::getVar<int>(std::string)' being compiled
          with
          [
              T=int
          ]
c:\users\ja\documents\anyflyerrepo\source\settingsmgr.h(81): warning C4018: '<': signed/unsigned mismatch
  Generating Code...
  anyflyer-vs.vcxproj -> C:\Users\Ja\Documents\anyflyerrepo\anyflyer-vs\..\workdir\anyflyer-vs.exe
  anyflyer-vs.vcxproj -> ..\workdir\anyflyer-vs.pdb (Partial PDB)
